Using pre-set license
Built from '2021.3/staging' branch; Version is '2021.3.33f1 (ee5a2aa03ab2) revision 15620650'; Using compiler version '192829333'; Build Type 'Release'
OS: 'Windows 10  (10.0.19045) 64bit Core' Language: 'en' Physical Memory: 16336 MB
BatchMode: 1, IsHumanControllingUs: 0, StartBugReporterOnCrash: 0, Is64bit: 1, IsPro: 1

COMMAND LINE ARGUMENTS:
D:\Unity Projects\2021.3.33f1\Editor\Unity.exe
-adb2
-batchMode
-noUpm
-name
AssetImportWorker1
-projectPath
E:/ProjectRainfall/Project-Rainfall/Project Rainfall
-logFile
Logs/AssetImportWorker1.log
-srvPort
52343
Successfully changed project path to: E:/ProjectRainfall/Project-Rainfall/Project Rainfall
E:/ProjectRainfall/Project-Rainfall/Project Rainfall
[UnityMemory] Configuration Parameters - Can be set up in boot.config
    "memorysetup-bucket-allocator-granularity=16"
    "memorysetup-bucket-allocator-bucket-count=8"
    "memorysetup-bucket-allocator-block-size=33554432"
    "memorysetup-bucket-allocator-block-count=8"
    "memorysetup-main-allocator-block-size=16777216"
    "memorysetup-thread-allocator-block-size=16777216"
    "memorysetup-gfx-main-allocator-block-size=16777216"
    "memorysetup-gfx-thread-allocator-block-size=16777216"
    "memorysetup-cache-allocator-block-size=4194304"
    "memorysetup-typetree-allocator-block-size=2097152"
    "memorysetup-profiler-bucket-allocator-granularity=16"
    "memorysetup-profiler-bucket-allocator-bucket-count=8"
    "memorysetup-profiler-bucket-allocator-block-size=33554432"
    "memorysetup-profiler-bucket-allocator-block-count=8"
    "memorysetup-profiler-allocator-block-size=16777216"
    "memorysetup-profiler-editor-allocator-block-size=1048576"
    "memorysetup-temp-allocator-size-main=16777216"
    "memorysetup-job-temp-allocator-block-size=2097152"
    "memorysetup-job-temp-allocator-block-size-background=1048576"
    "memorysetup-job-temp-allocator-reduction-small-platforms=262144"
    "memorysetup-temp-allocator-size-background-worker=32768"
    "memorysetup-temp-allocator-size-job-worker=262144"
    "memorysetup-temp-allocator-size-preload-manager=33554432"
    "memorysetup-temp-allocator-size-nav-mesh-worker=65536"
    "memorysetup-temp-allocator-size-audio-worker=65536"
    "memorysetup-temp-allocator-size-cloud-worker=32768"
    "memorysetup-temp-allocator-size-gi-baking-worker=262144"
    "memorysetup-temp-allocator-size-gfx=262144"
Player connection [55624] Host "[IP] 192.168.100.53 [Port] 0 [Flags] 2 [Guid] 2082468927 [EditorId] 2082468927 [Version] 1048832 [Id] WindowsEditor(7,DESKTOP-8JEAK37) [Debug] 1 [PackageName] WindowsEditor [ProjectName] Editor" joined multi-casting on [225.0.0.222:54997]...

Player connection [55624] Host "[IP] 192.168.100.53 [Port] 0 [Flags] 2 [Guid] 2082468927 [EditorId] 2082468927 [Version] 1048832 [Id] WindowsEditor(7,DESKTOP-8JEAK37) [Debug] 1 [PackageName] WindowsEditor [ProjectName] Editor" joined alternative multi-casting on [225.0.0.222:34997]...

[Physics::Module] Initialized MultithreadedJobDispatcher with {0} workers.
Refreshing native plugins compatible for Editor in 167.01 ms, found 20 plugins.
Preloading 0 native plugins for Editor in 0.00 ms.
Initialize engine version: 2021.3.33f1 (ee5a2aa03ab2)
[Subsystems] Discovering subsystems at path D:/Unity Projects/2021.3.33f1/Editor/Data/Resources/UnitySubsystems
[Subsystems] Discovering subsystems at path E:/ProjectRainfall/Project-Rainfall/Project Rainfall/Assets
GfxDevice: creating device client; threaded=0; jobified=0
Direct3D:
    Version:  Direct3D 11.0 [level 11.1]
    Renderer: NVIDIA GeForce GTX 1050 Ti (ID=0x1c82)
    Vendor:   NVIDIA
    VRAM:     4004 MB
    Driver:   32.0.15.6094
Initialize mono
Mono path[0] = 'D:/Unity Projects/2021.3.33f1/Editor/Data/Managed'
Mono path[1] = 'D:/Unity Projects/2021.3.33f1/Editor/Data/MonoBleedingEdge/lib/mono/unityjit-win32'
Mono config path = 'D:/Unity Projects/2021.3.33f1/Editor/Data/MonoBleedingEdge/etc'
Using monoOptions --debugger-agent=transport=dt_socket,embedding=1,server=y,suspend=n,address=127.0.0.1:56252
Begin MonoManager ReloadAssembly
Registering precompiled unity dll's ...
Register platform support module: D:/Unity Projects/2021.3.33f1/Editor/Data/PlaybackEngines/WindowsStandaloneSupport/UnityEditor.WindowsStandalone.Extensions.dll
Registered in 0.019792 seconds.
Native extension for WindowsStandalone target not found
Refreshing native plugins compatible for Editor in 134.82 ms, found 20 plugins.
Preloading 0 native plugins for Editor in 0.00 ms.
Mono: successfully reloaded assembly
- Completed reload, in  1.071 seconds
Domain Reload Profiling:
	ReloadAssembly (1072ms)
		BeginReloadAssembly (195ms)
			ExecutionOrderSort (0ms)
			DisableScriptedObjects (0ms)
			BackupInstance (0ms)
			ReleaseScriptingObjects (0ms)
			CreateAndSetChildDomain (1ms)
		EndReloadAssembly (698ms)
			LoadAssemblies (186ms)
			RebuildTransferFunctionScriptingTraits (0ms)
			SetupTypeCache (144ms)
			ReleaseScriptCaches (0ms)
			RebuildScriptCaches (36ms)
			SetupLoadedEditorAssemblies (442ms)
				LogAssemblyErrors (0ms)
				InitializePlatformSupportModulesInManaged (14ms)
				SetLoadedEditorAssemblies (0ms)
				RefreshPlugins (135ms)
				BeforeProcessingInitializeOnLoad (2ms)
				ProcessInitializeOnLoadAttributes (223ms)
				ProcessInitializeOnLoadMethodAttributes (69ms)
				AfterProcessingInitializeOnLoad (0ms)
				EditorAssembliesLoaded (0ms)
			ExecutionOrderSort2 (0ms)
			AwakeInstancesAfterBackupRestoration (0ms)
Platform modules already initialized, skipping
Registering precompiled user dll's ...
Registered in 0.059877 seconds.
Begin MonoManager ReloadAssembly
Unloading broken assembly Packages/bbepis-bepinexpack/BepInExPack/BepInEx/core/BepInEx.Harmony.dll, this assembly can cause crashes in the runtime
Native extension for WindowsStandalone target not found
Refreshing native plugins compatible for Editor in 1.55 ms, found 20 plugins.
Preloading 0 native plugins for Editor in 0.00 ms.
Package Manager log level set to [2]
[Package Manager] Server::EnsureServerProcessIsRunning -- launch failed, reason: Unity was launched with the -noUpm command-line argument
[Package Manager] Cannot connect to Unity Package Manager local server
Mono: successfully reloaded assembly
- Completed reload, in  5.939 seconds
Domain Reload Profiling:
	ReloadAssembly (5939ms)
		BeginReloadAssembly (256ms)
			ExecutionOrderSort (0ms)
			DisableScriptedObjects (9ms)
			BackupInstance (0ms)
			ReleaseScriptingObjects (0ms)
			CreateAndSetChildDomain (23ms)
		EndReloadAssembly (5449ms)
			LoadAssemblies (279ms)
			RebuildTransferFunctionScriptingTraits (0ms)
			SetupTypeCache (1056ms)
			ReleaseScriptCaches (1ms)
			RebuildScriptCaches (184ms)
			SetupLoadedEditorAssemblies (3946ms)
				LogAssemblyErrors (0ms)
				InitializePlatformSupportModulesInManaged (13ms)
				SetLoadedEditorAssemblies (1ms)
				RefreshPlugins (2ms)
				BeforeProcessingInitializeOnLoad (186ms)
				ProcessInitializeOnLoadAttributes (3084ms)
				ProcessInitializeOnLoadMethodAttributes (632ms)
				AfterProcessingInitializeOnLoad (29ms)
				EditorAssembliesLoaded (0ms)
			ExecutionOrderSort2 (0ms)
			AwakeInstancesAfterBackupRestoration (8ms)
Platform modules already initialized, skipping
========================================================================
Worker process is ready to serve import requests
Launched and connected shader compiler UnityShaderCompiler.exe after 0.06 seconds
Refreshing native plugins compatible for Editor in 1.49 ms, found 20 plugins.
Preloading 0 native plugins for Editor in 0.00 ms.
Unloading 3891 Unused Serialized files (Serialized files now loaded: 3)
Unloading 156 unused Assets / (1.2 MB). Loaded Objects now: 5430.
Memory consumption went from 152.1 MB to 150.9 MB.
Total: 33.453000 ms (FindLiveObjects: 0.752200 ms CreateObjectMapping: 0.382500 ms MarkObjects: 31.845800 ms  DeleteObjects: 0.470200 ms)

AssetImportParameters requested are different than current active one (requested -> active):
  custom:video-decoder-ogg-theora: a1e56fd34408186e4bbccfd4996cb3dc -> 
  custom:container-muxer-webm: aa71ff27fc2769a1b78a27578f13a17b -> 
  custom:container-demuxer-webm: 4f35f7cbe854078d1ac9338744f61a02 -> 
  custom:video-encoder-webm-vp8: eb34c28f22e8b96e1ab97ce403110664 -> 
  custom:CustomObjectIndexerAttribute: bc11b3a6c3213fcdd17b65e7da85e133 -> 
  custom:audio-encoder-webm-vorbis: bf7c407c2cedff20999df2af8eb42d56 -> 
  custom:framework-win-MediaFoundation: 216162199b28c13a410421893ffa2e32 -> 
  custom:SearchIndexIgnoredProperties: e643bd26f0fe6173181afceb89e7c659 -> 
  custom:container-demuxer-ogg: 62fdf1f143b41e24485cea50d1cbac27 -> 
  custom:video-decoder-webm-vp8: 9c59270c3fd7afecdb556c50c9e8de78 -> 
  custom:audio-decoder-ogg-vorbis: bf7c407c2cedff20999df2af8eb42d56 -> 
========================================================================
Received Import Request.
  Time since last request: 2071207.270473 seconds.
  path: Assets/Gizmos/RoR2/GameEndingDef Icon.png
  artifactKey: Guid(33be975d7f74b2845b6e66cae62da095) Importer(815301076,1909f56bfc062723c751e8b465ee728b)
Number of updated assets reloaded before import = 0
Start importing Assets/Gizmos/RoR2/GameEndingDef Icon.png using Guid(33be975d7f74b2845b6e66cae62da095) Importer(815301076,1909f56bfc062723c751e8b465ee728b)  -> (artifact id: '13b3ac8bce4855784731b2d74218d1df') in 0.244257 seconds 
Number of asset objects unloaded after import = 2
========================================================================
Received Import Request.
  Time since last request: 0.008928 seconds.
  path: Assets/Gizmos/RoR2/ItemRelationshipProvider Icon.png
  artifactKey: Guid(febfa931d1e990d4383aa7c86cee78a8) Importer(815301076,1909f56bfc062723c751e8b465ee728b)
Number of updated assets reloaded before import = 0
Start importing Assets/Gizmos/RoR2/ItemRelationshipProvider Icon.png using Guid(febfa931d1e990d4383aa7c86cee78a8) Importer(815301076,1909f56bfc062723c751e8b465ee728b)  -> (artifact id: '1187bb8ebe0f3460c6922b624b322a60') in 0.037463 seconds 
Number of asset objects unloaded after import = 2
========================================================================
Received Import Request.
  Time since last request: 0.000036 seconds.
  path: Assets/ThunderKitSettings/AddressableGraphicsSettings.asset
  artifactKey: Guid(864708046ad1453449dd70f2e6c4a9ae) Importer(815301076,1909f56bfc062723c751e8b465ee728b)
Number of updated assets reloaded before import = 0
Start importing Assets/ThunderKitSettings/AddressableGraphicsSettings.asset using Guid(864708046ad1453449dd70f2e6c4a9ae) Importer(815301076,1909f56bfc062723c751e8b465ee728b)  -> (artifact id: '0967e1d15e4d1cce924124f1e3f9986f') in 0.018641 seconds 
Number of asset objects unloaded after import = 1
========================================================================
Received Import Request.
  Time since last request: 0.000027 seconds.
  path: Assets/Gizmos/RoR2/UnlockableDef Icon.png
  artifactKey: Guid(0cecb88032c0ea04c81e127ad05f2a9e) Importer(815301076,1909f56bfc062723c751e8b465ee728b)
Number of updated assets reloaded before import = 0
Start importing Assets/Gizmos/RoR2/UnlockableDef Icon.png using Guid(0cecb88032c0ea04c81e127ad05f2a9e) Importer(815301076,1909f56bfc062723c751e8b465ee728b)  -> (artifact id: 'fa4905dfb7a2d684522a1987450a7765') in 0.038445 seconds 
Number of asset objects unloaded after import = 2
========================================================================
Received Import Request.
  Time since last request: 0.000027 seconds.
  path: Assets/Gizmos/RoR2/EquipmentDef Icon.png
  artifactKey: Guid(84f122f415e39054eafea0db2244ae64) Importer(815301076,1909f56bfc062723c751e8b465ee728b)
Number of updated assets reloaded before import = 0
Start importing Assets/Gizmos/RoR2/EquipmentDef Icon.png using Guid(84f122f415e39054eafea0db2244ae64) Importer(815301076,1909f56bfc062723c751e8b465ee728b)  -> (artifact id: 'faf355f58073d7fcbac0984ed3efa459') in 0.043693 seconds 
Number of asset objects unloaded after import = 2
========================================================================
Received Import Request.
  Time since last request: 0.000020 seconds.
  path: Assets/ThunderKitSettings/ThunderKit Extensions.asset
  artifactKey: Guid(207cad0f0fbc83949827a6fc1da1e058) Importer(815301076,1909f56bfc062723c751e8b465ee728b)
Number of updated assets reloaded before import = 0
Start importing Assets/ThunderKitSettings/ThunderKit Extensions.asset using Guid(207cad0f0fbc83949827a6fc1da1e058) Importer(815301076,1909f56bfc062723c751e8b465ee728b)  -> (artifact id: 'cb57b737ede8db9f238c94cbf665598d') in 0.014369 seconds 
Number of asset objects unloaded after import = 1
========================================================================
Received Import Request.
  Time since last request: 0.000029 seconds.
  path: Assets/Gizmos/RoR2/NetworkedSoundEventDef Icon.png
  artifactKey: Guid(683c9bed0ce4879478b8207861c2e964) Importer(815301076,1909f56bfc062723c751e8b465ee728b)
Number of updated assets reloaded before import = 0
Start importing Assets/Gizmos/RoR2/NetworkedSoundEventDef Icon.png using Guid(683c9bed0ce4879478b8207861c2e964) Importer(815301076,1909f56bfc062723c751e8b465ee728b)  -> (artifact id: 'f09de0dc15afb2a7e713080eb7384b6f') in 0.043739 seconds 
Number of asset objects unloaded after import = 2
========================================================================
Received Import Request.
  Time since last request: 0.000039 seconds.
  path: Assets/Gizmos/RoR2/ArtifactDef Icon.png
  artifactKey: Guid(a02da9c14270d9649957e64652613a5d) Importer(815301076,1909f56bfc062723c751e8b465ee728b)
Number of updated assets reloaded before import = 0
Start importing Assets/Gizmos/RoR2/ArtifactDef Icon.png using Guid(a02da9c14270d9649957e64652613a5d) Importer(815301076,1909f56bfc062723c751e8b465ee728b)  -> (artifact id: 'ed4941d320c14dcafa368d1905f0b4b7') in 0.050025 seconds 
Number of asset objects unloaded after import = 2
========================================================================
Received Import Request.
  Time since last request: 0.000042 seconds.
  path: Assets/Gizmos/RoR2/ItemRelationshipType Icon.png
  artifactKey: Guid(e84db4bd4c9fedd46b6f62fac0f678d4) Importer(815301076,1909f56bfc062723c751e8b465ee728b)
Number of updated assets reloaded before import = 0
Start importing Assets/Gizmos/RoR2/ItemRelationshipType Icon.png using Guid(e84db4bd4c9fedd46b6f62fac0f678d4) Importer(815301076,1909f56bfc062723c751e8b465ee728b)  -> (artifact id: '995a4cf8ef5d7d902422a0da32dc7bcc') in 0.046813 seconds 
Number of asset objects unloaded after import = 2
========================================================================
Received Import Request.
  Time since last request: 0.000031 seconds.
  path: Assets/Gizmos/RoR2/ItemDef Icon.png
  artifactKey: Guid(2cd245f64786472489f427273c4b3906) Importer(815301076,1909f56bfc062723c751e8b465ee728b)
Number of updated assets reloaded before import = 0
Start importing Assets/Gizmos/RoR2/ItemDef Icon.png using Guid(2cd245f64786472489f427273c4b3906) Importer(815301076,1909f56bfc062723c751e8b465ee728b)  -> (artifact id: '4f7e7e3410cba6937cb1fbc35860c785') in 0.040893 seconds 
Number of asset objects unloaded after import = 2
========================================================================
Received Import Request.
  Time since last request: 0.000025 seconds.
  path: Assets/Gizmos/RoR2/SurfaceDef Icon.png
  artifactKey: Guid(f4679c30de771704f987e257e68f5279) Importer(815301076,1909f56bfc062723c751e8b465ee728b)
Number of updated assets reloaded before import = 0
Start importing Assets/Gizmos/RoR2/SurfaceDef Icon.png using Guid(f4679c30de771704f987e257e68f5279) Importer(815301076,1909f56bfc062723c751e8b465ee728b)  -> (artifact id: '588f80d10586f916d717959d43c115d9') in 0.036848 seconds 
Number of asset objects unloaded after import = 2
========================================================================
Received Import Request.
  Time since last request: 0.000022 seconds.
  path: Assets/Gizmos/RoR2
  artifactKey: Guid(d49f5f7bff48dc74c8ca7a58828836ec) Importer(815301076,1909f56bfc062723c751e8b465ee728b)
Number of updated assets reloaded before import = 0
Start importing Assets/Gizmos/RoR2 using Guid(d49f5f7bff48dc74c8ca7a58828836ec) Importer(815301076,1909f56bfc062723c751e8b465ee728b)  -> (artifact id: '1d826983b891104a8ebcdb6eab8b7959') in 0.012730 seconds 
Number of asset objects unloaded after import = 0
========================================================================
Received Import Request.
  Time since last request: 0.000026 seconds.
  path: Assets/ThunderKitSettings
  artifactKey: Guid(e9978004911a26247905e68f39250b1f) Importer(815301076,1909f56bfc062723c751e8b465ee728b)
Number of updated assets reloaded before import = 0
Start importing Assets/ThunderKitSettings using Guid(e9978004911a26247905e68f39250b1f) Importer(815301076,1909f56bfc062723c751e8b465ee728b)  -> (artifact id: '71087ccade9e58cddfe53a9efbf74136') in 0.003568 seconds 
Number of asset objects unloaded after import = 0
========================================================================
Received Import Request.
  Time since last request: 0.000038 seconds.
  path: Assets/Gizmos/RoR2/SceneDef Icon.png
  artifactKey: Guid(3d32fdc42f29b6041ae60def43ee61d2) Importer(815301076,1909f56bfc062723c751e8b465ee728b)
Number of updated assets reloaded before import = 0
Start importing Assets/Gizmos/RoR2/SceneDef Icon.png using Guid(3d32fdc42f29b6041ae60def43ee61d2) Importer(815301076,1909f56bfc062723c751e8b465ee728b)  -> (artifact id: '74232cd9d3faa253a3828f6daef5a5b0') in 0.039851 seconds 
Number of asset objects unloaded after import = 2
========================================================================
Received Import Request.
  Time since last request: 4.826768 seconds.
  path: Assets/Gizmos/RoR2/Skills/SkillDef Icon.png
  artifactKey: Guid(62f0bb45137a6de40ae612b5e60931c2) Importer(815301076,1909f56bfc062723c751e8b465ee728b)
Number of updated assets reloaded before import = 0
Start importing Assets/Gizmos/RoR2/Skills/SkillDef Icon.png using Guid(62f0bb45137a6de40ae612b5e60931c2) Importer(815301076,1909f56bfc062723c751e8b465ee728b)  -> (artifact id: 'bde7dc881a20565d3fc710b86a8ea46c') in 0.039008 seconds 
Number of asset objects unloaded after import = 2
========================================================================
Received Import Request.
  Time since last request: 0.000023 seconds.
  path: Assets/Gizmos/RoR2/Skills/SteppedSkillDef Icon.png
  artifactKey: Guid(3ad59f80b0df2ea48a3846b8d3bd6b59) Importer(815301076,1909f56bfc062723c751e8b465ee728b)
Number of updated assets reloaded before import = 0
Start importing Assets/Gizmos/RoR2/Skills/SteppedSkillDef Icon.png using Guid(3ad59f80b0df2ea48a3846b8d3bd6b59) Importer(815301076,1909f56bfc062723c751e8b465ee728b)  -> (artifact id: '07fac305b2db843e15be933b96dc28d3') in 0.039717 seconds 
Number of asset objects unloaded after import = 2
Editor requested this worker to shutdown with reason: Scaling down because of idle timeout
AssetImportWorker is now disconnected from the server
Process exiting
Exiting without the bug reporter. Application will terminate with return code 0