Using pre-set license
Built from '2021.3/staging' branch; Version is '2021.3.33f1 (ee5a2aa03ab2) revision 15620650'; Using compiler version '192829333'; Build Type 'Release'
OS: 'Windows 10  (10.0.19045) 64bit Core' Language: 'en' Physical Memory: 16336 MB
BatchMode: 1, IsHumanControllingUs: 0, StartBugReporterOnCrash: 0, Is64bit: 1, IsPro: 1

COMMAND LINE ARGUMENTS:
D:\Unity Projects\2021.3.33f1\Editor\Unity.exe
-adb2
-batchMode
-noUpm
-name
AssetImportWorker0
-projectPath
E:/ProjectRainfall/Project-Rainfall/Project Rainfall
-logFile
Logs/AssetImportWorker0.log
-srvPort
52343
Successfully changed project path to: E:/ProjectRainfall/Project-Rainfall/Project Rainfall
E:/ProjectRainfall/Project-Rainfall/Project Rainfall
[UnityMemory] Configuration Parameters - Can be set up in boot.config
    "memorysetup-bucket-allocator-granularity=16"
    "memorysetup-bucket-allocator-bucket-count=8"
    "memorysetup-bucket-allocator-block-size=33554432"
    "memorysetup-bucket-allocator-block-count=8"
    "memorysetup-main-allocator-block-size=16777216"
    "memorysetup-thread-allocator-block-size=16777216"
    "memorysetup-gfx-main-allocator-block-size=16777216"
    "memorysetup-gfx-thread-allocator-block-size=16777216"
    "memorysetup-cache-allocator-block-size=4194304"
    "memorysetup-typetree-allocator-block-size=2097152"
    "memorysetup-profiler-bucket-allocator-granularity=16"
    "memorysetup-profiler-bucket-allocator-bucket-count=8"
    "memorysetup-profiler-bucket-allocator-block-size=33554432"
    "memorysetup-profiler-bucket-allocator-block-count=8"
    "memorysetup-profiler-allocator-block-size=16777216"
    "memorysetup-profiler-editor-allocator-block-size=1048576"
    "memorysetup-temp-allocator-size-main=16777216"
    "memorysetup-job-temp-allocator-block-size=2097152"
    "memorysetup-job-temp-allocator-block-size-background=1048576"
    "memorysetup-job-temp-allocator-reduction-small-platforms=262144"
    "memorysetup-temp-allocator-size-background-worker=32768"
    "memorysetup-temp-allocator-size-job-worker=262144"
    "memorysetup-temp-allocator-size-preload-manager=33554432"
    "memorysetup-temp-allocator-size-nav-mesh-worker=65536"
    "memorysetup-temp-allocator-size-audio-worker=65536"
    "memorysetup-temp-allocator-size-cloud-worker=32768"
    "memorysetup-temp-allocator-size-gi-baking-worker=262144"
    "memorysetup-temp-allocator-size-gfx=262144"
Player connection [49248] Host "[IP] 192.168.100.53 [Port] 0 [Flags] 2 [Guid] 2355430693 [EditorId] 2355430693 [Version] 1048832 [Id] WindowsEditor(7,DESKTOP-8JEAK37) [Debug] 1 [PackageName] WindowsEditor [ProjectName] Editor" joined multi-casting on [225.0.0.222:54997]...

Player connection [49248] Host "[IP] 192.168.100.53 [Port] 0 [Flags] 2 [Guid] 2355430693 [EditorId] 2355430693 [Version] 1048832 [Id] WindowsEditor(7,DESKTOP-8JEAK37) [Debug] 1 [PackageName] WindowsEditor [ProjectName] Editor" joined alternative multi-casting on [225.0.0.222:34997]...

[Physics::Module] Initialized MultithreadedJobDispatcher with {0} workers.
Refreshing native plugins compatible for Editor in 153.90 ms, found 20 plugins.
Preloading 0 native plugins for Editor in 0.00 ms.
Initialize engine version: 2021.3.33f1 (ee5a2aa03ab2)
[Subsystems] Discovering subsystems at path D:/Unity Projects/2021.3.33f1/Editor/Data/Resources/UnitySubsystems
[Subsystems] Discovering subsystems at path E:/ProjectRainfall/Project-Rainfall/Project Rainfall/Assets
GfxDevice: creating device client; threaded=0; jobified=0
Direct3D:
    Version:  Direct3D 11.0 [level 11.1]
    Renderer: NVIDIA GeForce GTX 1050 Ti (ID=0x1c82)
    Vendor:   NVIDIA
    VRAM:     4004 MB
    Driver:   32.0.15.6094
Initialize mono
Mono path[0] = 'D:/Unity Projects/2021.3.33f1/Editor/Data/Managed'
Mono path[1] = 'D:/Unity Projects/2021.3.33f1/Editor/Data/MonoBleedingEdge/lib/mono/unityjit-win32'
Mono config path = 'D:/Unity Projects/2021.3.33f1/Editor/Data/MonoBleedingEdge/etc'
Using monoOptions --debugger-agent=transport=dt_socket,embedding=1,server=y,suspend=n,address=127.0.0.1:56708
Begin MonoManager ReloadAssembly
Registering precompiled unity dll's ...
Register platform support module: D:/Unity Projects/2021.3.33f1/Editor/Data/PlaybackEngines/WindowsStandaloneSupport/UnityEditor.WindowsStandalone.Extensions.dll
Registered in 0.021699 seconds.
Native extension for WindowsStandalone target not found
Refreshing native plugins compatible for Editor in 125.54 ms, found 20 plugins.
Preloading 0 native plugins for Editor in 0.00 ms.
Mono: successfully reloaded assembly
- Completed reload, in  1.077 seconds
Domain Reload Profiling:
	ReloadAssembly (1078ms)
		BeginReloadAssembly (210ms)
			ExecutionOrderSort (0ms)
			DisableScriptedObjects (0ms)
			BackupInstance (0ms)
			ReleaseScriptingObjects (0ms)
			CreateAndSetChildDomain (1ms)
		EndReloadAssembly (686ms)
			LoadAssemblies (201ms)
			RebuildTransferFunctionScriptingTraits (0ms)
			SetupTypeCache (148ms)
			ReleaseScriptCaches (0ms)
			RebuildScriptCaches (37ms)
			SetupLoadedEditorAssemblies (429ms)
				LogAssemblyErrors (0ms)
				InitializePlatformSupportModulesInManaged (13ms)
				SetLoadedEditorAssemblies (0ms)
				RefreshPlugins (126ms)
				BeforeProcessingInitializeOnLoad (2ms)
				ProcessInitializeOnLoadAttributes (217ms)
				ProcessInitializeOnLoadMethodAttributes (70ms)
				AfterProcessingInitializeOnLoad (0ms)
				EditorAssembliesLoaded (0ms)
			ExecutionOrderSort2 (0ms)
			AwakeInstancesAfterBackupRestoration (0ms)
Platform modules already initialized, skipping
Registering precompiled user dll's ...
Registered in 0.061880 seconds.
Begin MonoManager ReloadAssembly
Unloading broken assembly Packages/bbepis-bepinexpack/BepInExPack/BepInEx/core/BepInEx.Harmony.dll, this assembly can cause crashes in the runtime
Native extension for WindowsStandalone target not found
Refreshing native plugins compatible for Editor in 1.53 ms, found 20 plugins.
Preloading 0 native plugins for Editor in 0.00 ms.
Package Manager log level set to [2]
[Package Manager] Server::EnsureServerProcessIsRunning -- launch failed, reason: Unity was launched with the -noUpm command-line argument
[Package Manager] Cannot connect to Unity Package Manager local server
Mono: successfully reloaded assembly
- Completed reload, in  6.003 seconds
Domain Reload Profiling:
	ReloadAssembly (6004ms)
		BeginReloadAssembly (259ms)
			ExecutionOrderSort (0ms)
			DisableScriptedObjects (8ms)
			BackupInstance (0ms)
			ReleaseScriptingObjects (0ms)
			CreateAndSetChildDomain (23ms)
		EndReloadAssembly (5505ms)
			LoadAssemblies (279ms)
			RebuildTransferFunctionScriptingTraits (0ms)
			SetupTypeCache (992ms)
			ReleaseScriptCaches (1ms)
			RebuildScriptCaches (156ms)
			SetupLoadedEditorAssemblies (4105ms)
				LogAssemblyErrors (0ms)
				InitializePlatformSupportModulesInManaged (12ms)
				SetLoadedEditorAssemblies (1ms)
				RefreshPlugins (2ms)
				BeforeProcessingInitializeOnLoad (185ms)
				ProcessInitializeOnLoadAttributes (3251ms)
				ProcessInitializeOnLoadMethodAttributes (626ms)
				AfterProcessingInitializeOnLoad (28ms)
				EditorAssembliesLoaded (0ms)
			ExecutionOrderSort2 (0ms)
			AwakeInstancesAfterBackupRestoration (9ms)
Platform modules already initialized, skipping
========================================================================
Worker process is ready to serve import requests
Launched and connected shader compiler UnityShaderCompiler.exe after 0.06 seconds
Refreshing native plugins compatible for Editor in 2.20 ms, found 20 plugins.
Preloading 0 native plugins for Editor in 0.00 ms.
Unloading 3891 Unused Serialized files (Serialized files now loaded: 3)
Unloading 156 unused Assets / (1.2 MB). Loaded Objects now: 5430.
Memory consumption went from 152.1 MB to 150.8 MB.
Total: 42.097800 ms (FindLiveObjects: 0.602400 ms CreateObjectMapping: 0.162200 ms MarkObjects: 40.847200 ms  DeleteObjects: 0.484300 ms)

AssetImportParameters requested are different than current active one (requested -> active):
  custom:video-decoder-ogg-theora: a1e56fd34408186e4bbccfd4996cb3dc -> 
  custom:container-muxer-webm: aa71ff27fc2769a1b78a27578f13a17b -> 
  custom:container-demuxer-webm: 4f35f7cbe854078d1ac9338744f61a02 -> 
  custom:video-encoder-webm-vp8: eb34c28f22e8b96e1ab97ce403110664 -> 
  custom:CustomObjectIndexerAttribute: bc11b3a6c3213fcdd17b65e7da85e133 -> 
  custom:audio-encoder-webm-vorbis: bf7c407c2cedff20999df2af8eb42d56 -> 
  custom:framework-win-MediaFoundation: 216162199b28c13a410421893ffa2e32 -> 
  custom:SearchIndexIgnoredProperties: e643bd26f0fe6173181afceb89e7c659 -> 
  custom:container-demuxer-ogg: 62fdf1f143b41e24485cea50d1cbac27 -> 
  custom:video-decoder-webm-vp8: 9c59270c3fd7afecdb556c50c9e8de78 -> 
  custom:audio-decoder-ogg-vorbis: bf7c407c2cedff20999df2af8eb42d56 -> 
========================================================================
Received Import Request.
  Time since last request: 2071207.309582 seconds.
  path: Assets/Gizmos/RoR2/EliteDef Icon.png
  artifactKey: Guid(c4bc0c8c1f23e764fbf2a905bb911e44) Importer(815301076,1909f56bfc062723c751e8b465ee728b)
Number of updated assets reloaded before import = 0
Start importing Assets/Gizmos/RoR2/EliteDef Icon.png using Guid(c4bc0c8c1f23e764fbf2a905bb911e44) Importer(815301076,1909f56bfc062723c751e8b465ee728b)  -> (artifact id: '484dc11c59af23cbc68a996dcb8650e9') in 0.205100 seconds 
Number of asset objects unloaded after import = 2
========================================================================
Received Import Request.
  Time since last request: 0.009046 seconds.
  path: Assets/ThunderKitSettings/ImportConfiguration.asset
  artifactKey: Guid(e421af4ff93e5c24c836af5823294896) Importer(815301076,1909f56bfc062723c751e8b465ee728b)
Number of updated assets reloaded before import = 0
Start importing Assets/ThunderKitSettings/ImportConfiguration.asset using Guid(e421af4ff93e5c24c836af5823294896) Importer(815301076,1909f56bfc062723c751e8b465ee728b)  -> (artifact id: '93a7342bfb5bbf6cc45d9b516c902607') in 0.152281 seconds 
Number of asset objects unloaded after import = 22
========================================================================
Received Import Request.
  Time since last request: 0.000036 seconds.
  path: Assets/ThunderKitSettings/PackageSourceSettings.asset
  artifactKey: Guid(c01cf20fd3cec0e4f9ab1be33ea14846) Importer(815301076,1909f56bfc062723c751e8b465ee728b)
Number of updated assets reloaded before import = 0
Start importing Assets/ThunderKitSettings/PackageSourceSettings.asset using Guid(c01cf20fd3cec0e4f9ab1be33ea14846) Importer(815301076,1909f56bfc062723c751e8b465ee728b)  -> (artifact id: '8ecb3ff76c0c215c4c251f1dc6fea5f8') in 0.015093 seconds 
Number of asset objects unloaded after import = 1
========================================================================
Received Import Request.
  Time since last request: 0.000031 seconds.
  path: Assets/ThunderKitSettings/ThunderKitSettings.asset
  artifactKey: Guid(b0b6ce3eb6c585941919c01d909a1f28) Importer(815301076,1909f56bfc062723c751e8b465ee728b)
Number of updated assets reloaded before import = 0
Start importing Assets/ThunderKitSettings/ThunderKitSettings.asset using Guid(b0b6ce3eb6c585941919c01d909a1f28) Importer(815301076,1909f56bfc062723c751e8b465ee728b)  -> (artifact id: '0d32b71da0b6c6c9e84f013c64b749b7') in 0.011436 seconds 
Number of asset objects unloaded after import = 1
========================================================================
Received Import Request.
  Time since last request: 0.000033 seconds.
  path: Assets/Gizmos/RoR2/SurvivorDef Icon.png
  artifactKey: Guid(6eee65734e98b744b9a6a5dabed48407) Importer(815301076,1909f56bfc062723c751e8b465ee728b)
Number of updated assets reloaded before import = 0
Start importing Assets/Gizmos/RoR2/SurvivorDef Icon.png using Guid(6eee65734e98b744b9a6a5dabed48407) Importer(815301076,1909f56bfc062723c751e8b465ee728b)  -> (artifact id: '8543593e18b2eef599deb62a34569cd5') in 0.044536 seconds 
Number of asset objects unloaded after import = 2
========================================================================
Received Import Request.
  Time since last request: 0.000043 seconds.
  path: Assets/Gizmos
  artifactKey: Guid(afaf28fc568469c4886893681b6a395b) Importer(815301076,1909f56bfc062723c751e8b465ee728b)
Number of updated assets reloaded before import = 0
Start importing Assets/Gizmos using Guid(afaf28fc568469c4886893681b6a395b) Importer(815301076,1909f56bfc062723c751e8b465ee728b)  -> (artifact id: '9ab4634228a5b12a5ce482f9337cfcef') in 0.011514 seconds 
Number of asset objects unloaded after import = 0
========================================================================
Received Import Request.
  Time since last request: 0.000058 seconds.
  path: Assets/Scenes
  artifactKey: Guid(91cb23f282c808b45802839c081a6aeb) Importer(815301076,1909f56bfc062723c751e8b465ee728b)
Number of updated assets reloaded before import = 0
Start importing Assets/Scenes using Guid(91cb23f282c808b45802839c081a6aeb) Importer(815301076,1909f56bfc062723c751e8b465ee728b)  -> (artifact id: 'dc8d34c8c39b438ecc428a72b8162017') in 0.011350 seconds 
Number of asset objects unloaded after import = 0
========================================================================
Received Import Request.
  Time since last request: 0.000038 seconds.
  path: Assets/ThunderKitSettings/RoR2Thunderstore.asset
  artifactKey: Guid(eac4a23de376cf84b9fab34319ca6651) Importer(815301076,1909f56bfc062723c751e8b465ee728b)
Number of updated assets reloaded before import = 0
Start importing Assets/ThunderKitSettings/RoR2Thunderstore.asset using Guid(eac4a23de376cf84b9fab34319ca6651) Importer(815301076,1909f56bfc062723c751e8b465ee728b)  -> (artifact id: 'de5ec101ed167012a4a13e59911e4056') in 0.016008 seconds 
Number of asset objects unloaded after import = 2
========================================================================
Received Import Request.
  Time since last request: 0.000030 seconds.
  path: Assets/Gizmos/RoR2/MusicTrackDef Icon.png
  artifactKey: Guid(5fbb95e65f5b17344bf6e258f2dc3c9c) Importer(815301076,1909f56bfc062723c751e8b465ee728b)
Number of updated assets reloaded before import = 0
Start importing Assets/Gizmos/RoR2/MusicTrackDef Icon.png using Guid(5fbb95e65f5b17344bf6e258f2dc3c9c) Importer(815301076,1909f56bfc062723c751e8b465ee728b)  -> (artifact id: '606321b31c209cd7a298fa86c46199b2') in 0.046688 seconds 
Number of asset objects unloaded after import = 2
========================================================================
Received Import Request.
  Time since last request: 0.000020 seconds.
  path: Assets/Gizmos/RoR2/ItemTierDef Icon.png
  artifactKey: Guid(6379674eab075c34f9fd187b8a609865) Importer(815301076,1909f56bfc062723c751e8b465ee728b)
Number of updated assets reloaded before import = 0
Start importing Assets/Gizmos/RoR2/ItemTierDef Icon.png using Guid(6379674eab075c34f9fd187b8a609865) Importer(815301076,1909f56bfc062723c751e8b465ee728b)  -> (artifact id: '392584f51c1d7de362a23f1f7e6bb26f') in 0.038298 seconds 
Number of asset objects unloaded after import = 2
========================================================================
Received Import Request.
  Time since last request: 0.000023 seconds.
  path: Assets/Gizmos/RoR2/EntityStateConfiguration Icon.png
  artifactKey: Guid(46181d5dfd91b7e46889c99962056efa) Importer(815301076,1909f56bfc062723c751e8b465ee728b)
Number of updated assets reloaded before import = 0
Start importing Assets/Gizmos/RoR2/EntityStateConfiguration Icon.png using Guid(46181d5dfd91b7e46889c99962056efa) Importer(815301076,1909f56bfc062723c751e8b465ee728b)  -> (artifact id: '5128294b3c7c1b860b20de4a992de496') in 0.039455 seconds 
Number of asset objects unloaded after import = 2
========================================================================
Received Import Request.
  Time since last request: 0.000023 seconds.
  path: Assets/Scenes/SampleScene.unity
  artifactKey: Guid(9fc0d4010bbf28b4594072e72b8655ab) Importer(815301076,1909f56bfc062723c751e8b465ee728b)
Number of updated assets reloaded before import = 0
Start importing Assets/Scenes/SampleScene.unity using Guid(9fc0d4010bbf28b4594072e72b8655ab) Importer(815301076,1909f56bfc062723c751e8b465ee728b)  -> (artifact id: 'e55ccaa32d8e5c1de03c07a5412c8c3c') in 0.012581 seconds 
Number of asset objects unloaded after import = 0
========================================================================
Received Import Request.
  Time since last request: 0.000028 seconds.
  path: Assets/Gizmos/RoR2/BuffDef Icon.png
  artifactKey: Guid(146991ed77661b44ba5ee5082f06ad58) Importer(815301076,1909f56bfc062723c751e8b465ee728b)
Number of updated assets reloaded before import = 0
Start importing Assets/Gizmos/RoR2/BuffDef Icon.png using Guid(146991ed77661b44ba5ee5082f06ad58) Importer(815301076,1909f56bfc062723c751e8b465ee728b)  -> (artifact id: '6669263ef97851be47cfec725ca1b13f') in 0.036765 seconds 
Number of asset objects unloaded after import = 2
========================================================================
Received Import Request.
  Time since last request: 4.821456 seconds.
  path: Assets/Gizmos/RoR2/Skills/ReloadSkillDef Icon.png
  artifactKey: Guid(56c487ecae4d710479a3533440dcd25f) Importer(815301076,1909f56bfc062723c751e8b465ee728b)
Number of updated assets reloaded before import = 0
Start importing Assets/Gizmos/RoR2/Skills/ReloadSkillDef Icon.png using Guid(56c487ecae4d710479a3533440dcd25f) Importer(815301076,1909f56bfc062723c751e8b465ee728b)  -> (artifact id: '933c4b3d1ad2db1b33fe24a62cd35e43') in 0.038909 seconds 
Number of asset objects unloaded after import = 2
========================================================================
Received Import Request.
  Time since last request: 0.000022 seconds.
  path: Assets/Gizmos/RoR2/Skills/SkillFamily Icon.png
  artifactKey: Guid(54efbc428d5658841a36e8c584e17bcf) Importer(815301076,1909f56bfc062723c751e8b465ee728b)
Number of updated assets reloaded before import = 0
Start importing Assets/Gizmos/RoR2/Skills/SkillFamily Icon.png using Guid(54efbc428d5658841a36e8c584e17bcf) Importer(815301076,1909f56bfc062723c751e8b465ee728b)  -> (artifact id: '1357b94135ad8e96cff2b27b663698d3') in 0.042684 seconds 
Number of asset objects unloaded after import = 2
